2015-02-21 19:57:37.402 |INFO |[] Closed...

2015-02-21 19:57:37.403 |INFO |Open [COM1] suc...

2015-02-21 19:57:37.403 |INFO |EV_openSerialPort suc.....!

2015-02-21 19:57:37.404 |INFO |EV_register OK.....

2015-02-21 19:57:37.406 |INFO |EV_Thread_fun ready...

2015-02-21 19:57:42.917 |INFO |[] Closed...

2015-02-21 19:57:42.920 |INFO |Open [COM1] suc...

2015-02-21 19:57:42.920 |INFO |EV_openSerialPort suc.....!

2015-02-21 19:57:42.927 |INFO |EV_register OK.....

2015-02-21 19:57:42.927 |INFO |EV_Thread_fun ready...

2015-02-21 20:05:27.907 |INFO |[] Closed...

2015-02-21 20:05:27.908 |INFO |Open [COM1] suc...

2015-02-21 20:05:27.908 |INFO |EV_openSerialPort suc.....!

2015-02-21 20:05:27.917 |INFO |EV_register OK.....

2015-02-21 20:05:27.920 |INFO |EV_Thread_fun ready...

2015-02-21 20:08:41.020 |INFO |[] Closed...

2015-02-21 20:08:41.021 |INFO |Open [COM1] suc...

2015-02-21 20:08:41.021 |INFO |EV_openSerialPort suc.....!

2015-02-21 20:08:41.023 |INFO |EV_register OK.....

2015-02-21 20:08:41.024 |INFO |EV_Thread_fun ready...

2015-02-21 20:40:14.262 |INFO |[] Closed...

2015-02-21 20:40:14.263 |INFO |Open [COM1] suc...

2015-02-21 20:40:14.264 |INFO |EV_openSerialPort suc.....!

2015-02-21 20:40:14.287 |INFO |EV_register OK.....

2015-02-21 20:40:14.289 |INFO |EV_Thread_fun ready...

2015-02-21 20:46:51.672 |INFO |[] Closed...

2015-02-21 20:46:51.678 |INFO |Open [COM1] suc...

2015-02-21 20:46:51.678 |INFO |EV_openSerialPort suc.....!

2015-02-21 20:46:51.680 |INFO |EV_register OK.....

2015-02-21 20:46:51.681 |INFO |EV_Thread_fun ready...

2015-02-21 20:59:22.767 |INFO |[] Closed...

2015-02-21 20:59:22.768 |INFO |Open [COM1] suc...

2015-02-21 20:59:22.769 |INFO |EV_openSerialPort suc.....!

2015-02-21 20:59:22.772 |INFO |EV_register OK.....

2015-02-21 20:59:22.773 |INFO |EV_Thread_fun ready...

2015-02-21 21:00:31.364 |INFO |[] Closed...

2015-02-21 21:00:31.369 |INFO |Open [COM1] suc...

2015-02-21 21:00:31.370 |INFO |EV_openSerialPort suc.....!

2015-02-21 21:00:31.376 |INFO |EV_register OK.....

2015-02-21 21:00:31.376 |INFO |EV_Thread_fun ready...

2015-02-21 21:12:39.742 |INFO |[] Closed...

2015-02-21 21:12:39.744 |INFO |Open [COM1] suc...

2015-02-21 21:12:39.744 |INFO |EV_openSerialPort suc.....!

2015-02-21 21:12:39.748 |INFO |EV_register OK.....

2015-02-21 21:12:39.748 |INFO |EV_Thread_fun ready...

2015-02-21 21:13:15.058 |INFO |[] Closed...

2015-02-21 21:13:15.060 |INFO |Open [COM1] suc...

2015-02-21 21:13:15.060 |INFO |EV_openSerialPort suc.....!

2015-02-21 21:13:15.081 |INFO |EV_register OK.....

2015-02-21 21:13:15.082 |INFO |EV_Thread_fun ready...

2015-02-21 21:21:15.778 |INFO |[] Closed...

2015-02-21 21:21:15.779 |INFO |Open [COM1] suc...

2015-02-21 21:21:15.780 |INFO |EV_openSerialPort suc.....!

2015-02-21 21:21:15.780 |INFO |EV_register OK.....

2015-02-21 21:21:15.781 |INFO |EV_Thread_fun ready...

2015-02-21 21:30:38.071 |INFO |[] Closed...

2015-02-21 21:30:38.072 |INFO |Open [COM1] suc...

2015-02-21 21:30:38.073 |INFO |EV_openSerialPort suc.....!

2015-02-21 21:30:38.074 |INFO |EV_register OK.....

2015-02-21 21:30:38.074 |INFO |EV_Thread_fun ready...

2015-02-21 21:33:02.957 |INFO |[] Closed...

2015-02-21 21:33:02.966 |INFO |Open [COM1] suc...

2015-02-21 21:33:02.966 |INFO |EV_openSerialPort suc.....!

2015-02-21 21:33:02.969 |INFO |EV_register OK.....

2015-02-21 21:33:02.969 |INFO |EV_Thread_fun ready...

2015-02-21 21:33:38.962 |INFO |[] Closed...

2015-02-21 21:33:38.966 |INFO |Open [COM1] suc...

2015-02-21 21:33:38.967 |INFO |EV_openSerialPort suc.....!

2015-02-21 21:33:38.975 |INFO |EV_register OK.....

2015-02-21 21:33:38.976 |INFO |EV_Thread_fun ready...

2015-02-21 21:34:18.300 |INFO |[] Closed...

2015-02-21 21:34:18.302 |INFO |Open [COM1] suc...

2015-02-21 21:34:18.302 |INFO |EV_openSerialPort suc.....!

2015-02-21 21:34:18.305 |INFO |EV_register OK.....

2015-02-21 21:34:18.306 |INFO |EV_Thread_fun ready...

2015-02-21 21:36:28.777 |INFO |[] Closed...

2015-02-21 21:36:28.778 |INFO |Open [COM1] suc...

2015-02-21 21:36:28.778 |INFO |EV_openSerialPort suc.....!

2015-02-21 21:36:28.780 |INFO |EV_register OK.....

2015-02-21 21:36:28.781 |INFO |EV_Thread_fun ready...

2015-02-21 21:44:25.629 |INFO |[] Closed...

2015-02-21 21:44:25.631 |INFO |Open [COM1] suc...

2015-02-21 21:44:25.631 |INFO |EV_openSerialPort suc.....!

2015-02-21 21:44:25.647 |INFO |EV_register OK.....

2015-02-21 21:44:25.648 |INFO |EV_Thread_fun ready...

2015-02-21 21:48:41.905 |INFO |[] Closed...

2015-02-21 21:48:41.911 |INFO |Open [COM1] suc...

2015-02-21 21:48:41.912 |INFO |EV_openSerialPort suc.....!

2015-02-21 21:48:41.921 |INFO |EV_register OK.....

2015-02-21 21:48:41.923 |INFO |EV_Thread_fun ready...

2015-02-21 21:49:29.723 |INFO |[] Closed...

2015-02-21 21:49:29.724 |INFO |Open [COM1] suc...

2015-02-21 21:49:29.724 |INFO |EV_openSerialPort suc.....!

2015-02-21 21:49:29.729 |INFO |EV_register OK.....

2015-02-21 21:49:29.730 |INFO |EV_Thread_fun ready...

2015-02-21 22:11:09.536 |INFO |[] Closed...

2015-02-21 22:11:09.537 |INFO |Open [COM1] suc...

2015-02-21 22:11:09.538 |INFO |EV_openSerialPort suc.....!

2015-02-21 22:11:09.565 |INFO |EV_register OK.....

2015-02-21 22:11:09.565 |INFO |EV_Thread_fun ready...

2015-02-21 22:45:37.796 |INFO |[] Closed...

2015-02-21 22:45:37.797 |INFO |Open [COM1] suc...

2015-02-21 22:45:37.798 |INFO |EV_openSerialPort suc.....!

2015-02-21 22:45:37.802 |INFO |EV_register OK.....

2015-02-21 22:45:37.802 |INFO |EV_Thread_fun ready...

2015-02-21 22:51:58.370 |INFO |[] Closed...

2015-02-21 22:51:58.376 |INFO |Open [COM1] suc...

2015-02-21 22:51:58.376 |INFO |EV_openSerialPort suc.....!

2015-02-21 22:51:58.383 |INFO |EV_register OK.....

2015-02-21 22:51:58.384 |INFO |EV_Thread_fun ready...

2015-02-21 22:52:27.518 |INFO |[] Closed...

2015-02-21 22:52:27.520 |INFO |Open [COM1] suc...

2015-02-21 22:52:27.520 |INFO |EV_openSerialPort suc.....!

2015-02-21 22:52:27.522 |INFO |EV_register OK.....

2015-02-21 22:52:27.523 |INFO |EV_Thread_fun ready...

2015-02-21 22:53:54.171 |INFO |[] Closed...

2015-02-21 22:53:54.172 |INFO |Open [COM1] suc...

2015-02-21 22:53:54.172 |INFO |EV_openSerialPort suc.....!

2015-02-21 22:53:54.173 |INFO |EV_register OK.....

2015-02-21 22:53:54.174 |INFO |EV_Thread_fun ready...

2015-02-21 22:54:23.514 |INFO |[] Closed...

2015-02-21 22:54:23.515 |INFO |Open [COM1] suc...

2015-02-21 22:54:23.516 |INFO |EV_openSerialPort suc.....!

2015-02-21 22:54:23.539 |INFO |EV_register OK.....

2015-02-21 22:54:23.540 |INFO |EV_Thread_fun ready...

